<?xml version="1.0" encoding="UTF-8"?>
<coverage generated="1631046194216" clover="3.2.0">
  <project timestamp="1631046194216" name="All files">
    <metrics statements="3" coveredstatements="3" conditionals="0" coveredconditionals="0" methods="2" coveredmethods="2" elements="5" coveredelements="5" complexity="0" loc="3" ncloc="3" packages="1" files="1" classes="1"/>
    <file name="SailBoatEngine.ts" path="/home/freek/git/libs/sail-boat-engine-lib/src/SailBoatEngine.ts">
      <metrics statements="3" coveredstatements="3" conditionals="0" coveredconditionals="0" methods="2" coveredmethods="2"/>
      <line num="1" count="1" type="stmt"/>
      <line num="2" count="1" type="stmt"/>
      <line num="11" count="1" type="stmt"/>
    </file>
  </project>
</coverage>
